[2025-07-27 11:18:49] laravel.EMERGENCY: Unable to create configured logger. Using emergency logger. {"exception":"[object] (TypeError(code: 0): App\\Logging\\TicketApiFormatter::__invoke(): Argument #1 ($logger) must be of type Monolog\\Logger, Illuminate\\Log\\Logger given, called in /var/www/hdtickets/vendor/laravel/framework/src/Illuminate/Log/LogManager.php on line 181 at /var/www/hdtickets/app/Logging/TicketApiFormatter.php:13)
[stacktrace]
#0 /var/www/hdtickets/vendor/laravel/framework/src/Illuminate/Log/LogManager.php(181): App\\Logging\\TicketApiFormatter->__invoke()
#1 /var/www/hdtickets/vendor/laravel/framework/src/Illuminate/Log/LogManager.php(140): Illuminate\\Log\\LogManager->tap()
#2 /var/www/hdtickets/vendor/laravel/framework/src/Illuminate/Support/helpers.php(526): Illuminate\\Log\\LogManager->{closure:Illuminate\\Log\\LogManager::get():139}()
#3 /var/www/hdtickets/vendor/laravel/framework/src/Illuminate/Log/LogManager.php(139): with()
#4 /var/www/hdtickets/vendor/laravel/framework/src/Illuminate/Log/LogManager.php(126): Illuminate\\Log\\LogManager->get()
#5 /var/www/hdtickets/vendor/laravel/framework/src/Illuminate/Log/LogManager.php(115): Illuminate\\Log\\LogManager->driver()
#6 /var/www/hdtickets/vendor/laravel/framework/src/Illuminate/Support/Facades/Facade.php(361): Illuminate\\Log\\LogManager->channel()
#7 /var/www/hdtickets/app/Services/TicketApis/BaseWebScrapingClient.php(97): Illuminate\\Support\\Facades\\Facade::__callStatic()
#8 [internal function]: App\\Services\\TicketApis\\BaseWebScrapingClient->makeScrapingRequest()
#9 /var/www/hdtickets/tests/Unit/Services/TicketApis/BaseWebScrapingClientTest.php(115): ReflectionMethod->invokeArgs()
#10 /var/www/hdtickets/vendor/phpunit/phpunit/src/Framework/TestCase.php(1656): Tests\\Unit\\Services\\TicketApis\\BaseWebScrapingClientTest->test_make_scraping_request_success()
#11 /var/www/hdtickets/vendor/phpunit/phpunit/src/Framework/TestCase.php(514): PHPUnit\\Framework\\TestCase->runTest()
#12 /var/www/hdtickets/vendor/phpunit/phpunit/src/Framework/TestRunner/TestRunner.php(87): PHPUnit\\Framework\\TestCase->runBare()
#13 /var/www/hdtickets/vendor/phpunit/phpunit/src/Framework/TestCase.php(361): PHPUnit\\Framework\\TestRunner->run()
#14 /var/www/hdtickets/vendor/phpunit/phpunit/src/Framework/TestSuite.php(369): PHPUnit\\Framework\\TestCase->run()
#15 /var/www/hdtickets/vendor/phpunit/phpunit/src/Framework/TestSuite.php(369): PHPUnit\\Framework\\TestSuite->run()
#16 /var/www/hdtickets/vendor/phpunit/phpunit/src/Framework/TestSuite.php(369): PHPUnit\\Framework\\TestSuite->run()
#17 /var/www/hdtickets/vendor/phpunit/phpunit/src/TextUI/TestRunner.php(64): PHPUnit\\Framework\\TestSuite->run()
#18 /var/www/hdtickets/vendor/phpunit/phpunit/src/TextUI/Application.php(210): PHPUnit\\TextUI\\TestRunner->run()
#19 /var/www/hdtickets/vendor/phpunit/phpunit/phpunit(104): PHPUnit\\TextUI\\Application->run()
#20 /var/www/hdtickets/vendor/bin/phpunit(122): include('...')
#21 {main}
"} 
[2025-07-27 11:18:49] laravel.INFO: Scraping request successful {"platform":"test-platform","url":"https://test-platform.com/test","method":"scraping","response_time_ms":0.3478527069091797,"content_length":38} 
[2025-07-27 14:06:18] laravel.EMERGENCY: Unable to create configured logger. Using emergency logger. {"exception":"[object] (TypeError(code: 0): App\\Logging\\TicketApiFormatter::__invoke(): Argument #1 ($logger) must be of type Monolog\\Logger, Illuminate\\Log\\Logger given, called in /var/www/hdtickets/vendor/laravel/framework/src/Illuminate/Log/LogManager.php on line 181 at /var/www/hdtickets/app/Logging/TicketApiFormatter.php:13)
[stacktrace]
#0 /var/www/hdtickets/vendor/laravel/framework/src/Illuminate/Log/LogManager.php(181): App\\Logging\\TicketApiFormatter->__invoke()
#1 /var/www/hdtickets/vendor/laravel/framework/src/Illuminate/Log/LogManager.php(140): Illuminate\\Log\\LogManager->tap()
#2 /var/www/hdtickets/vendor/laravel/framework/src/Illuminate/Support/helpers.php(526): Illuminate\\Log\\LogManager->{closure:Illuminate\\Log\\LogManager::get():139}()
#3 /var/www/hdtickets/vendor/laravel/framework/src/Illuminate/Log/LogManager.php(139): with()
#4 /var/www/hdtickets/vendor/laravel/framework/src/Illuminate/Log/LogManager.php(126): Illuminate\\Log\\LogManager->get()
#5 /var/www/hdtickets/vendor/laravel/framework/src/Illuminate/Log/LogManager.php(115): Illuminate\\Log\\LogManager->driver()
#6 /var/www/hdtickets/vendor/laravel/framework/src/Illuminate/Support/Facades/Facade.php(361): Illuminate\\Log\\LogManager->channel()
#7 /var/www/hdtickets/app/Services/PlatformCachingService.php(293): Illuminate\\Support\\Facades\\Facade::__callStatic()
#8 /var/www/hdtickets/app/Console/Commands/OptimizePerformance.php(152): App\\Services\\PlatformCachingService->clearPlatformCache()
#9 /var/www/hdtickets/app/Console/Commands/OptimizePerformance.php(63): App\\Console\\Commands\\OptimizePerformance->optimizeCache()
#10 /var/www/hdtickets/vendor/laravel/framework/src/Illuminate/Container/BoundMethod.php(36): App\\Console\\Commands\\OptimizePerformance->handle()
#11 /var/www/hdtickets/vendor/laravel/framework/src/Illuminate/Container/Util.php(43): Illuminate\\Container\\BoundMethod::{closure:Illuminate\\Container\\BoundMethod::call():35}()
#12 /var/www/hdtickets/vendor/laravel/framework/src/Illuminate/Container/BoundMethod.php(95): Illuminate\\Container\\Util::unwrapIfClosure()
#13 /var/www/hdtickets/vendor/laravel/framework/src/Illuminate/Container/BoundMethod.php(35): Illuminate\\Container\\BoundMethod::callBoundMethod()
#14 /var/www/hdtickets/vendor/laravel/framework/src/Illuminate/Container/Container.php(696): Illuminate\\Container\\BoundMethod::call()
#15 /var/www/hdtickets/vendor/laravel/framework/src/Illuminate/Console/Command.php(213): Illuminate\\Container\\Container->call()
#16 /var/www/hdtickets/vendor/symfony/console/Command/Command.php(318): Illuminate\\Console\\Command->execute()
#17 /var/www/hdtickets/vendor/laravel/framework/src/Illuminate/Console/Command.php(182): Symfony\\Component\\Console\\Command\\Command->run()
#18 /var/www/hdtickets/vendor/symfony/console/Application.php(1092): Illuminate\\Console\\Command->run()
#19 /var/www/hdtickets/vendor/symfony/console/Application.php(341): Symfony\\Component\\Console\\Application->doRunCommand()
#20 /var/www/hdtickets/vendor/symfony/console/Application.php(192): Symfony\\Component\\Console\\Application->doRun()
#21 /var/www/hdtickets/vendor/laravel/framework/src/Illuminate/Foundation/Console/Kernel.php(198): Symfony\\Component\\Console\\Application->run()
#22 /var/www/hdtickets/artisan(12): Illuminate\\Foundation\\Console\\Kernel->handle()
#23 {main}
"} 
[2025-07-27 14:06:18] laravel.INFO: Platform cache cleared {"platform":"ticketmaster"} 
[2025-07-27 14:06:18] laravel.EMERGENCY: Unable to create configured logger. Using emergency logger. {"exception":"[object] (TypeError(code: 0): App\\Logging\\TicketApiFormatter::__invoke(): Argument #1 ($logger) must be of type Monolog\\Logger, Illuminate\\Log\\Logger given, called in /var/www/hdtickets/vendor/laravel/framework/src/Illuminate/Log/LogManager.php on line 181 at /var/www/hdtickets/app/Logging/TicketApiFormatter.php:13)
[stacktrace]
#0 /var/www/hdtickets/vendor/laravel/framework/src/Illuminate/Log/LogManager.php(181): App\\Logging\\TicketApiFormatter->__invoke()
#1 /var/www/hdtickets/vendor/laravel/framework/src/Illuminate/Log/LogManager.php(140): Illuminate\\Log\\LogManager->tap()
#2 /var/www/hdtickets/vendor/laravel/framework/src/Illuminate/Support/helpers.php(526): Illuminate\\Log\\LogManager->{closure:Illuminate\\Log\\LogManager::get():139}()
#3 /var/www/hdtickets/vendor/laravel/framework/src/Illuminate/Log/LogManager.php(139): with()
#4 /var/www/hdtickets/vendor/laravel/framework/src/Illuminate/Log/LogManager.php(126): Illuminate\\Log\\LogManager->get()
#5 /var/www/hdtickets/vendor/laravel/framework/src/Illuminate/Log/LogManager.php(115): Illuminate\\Log\\LogManager->driver()
#6 /var/www/hdtickets/vendor/laravel/framework/src/Illuminate/Support/Facades/Facade.php(361): Illuminate\\Log\\LogManager->channel()
#7 /var/www/hdtickets/app/Services/PlatformCachingService.php(293): Illuminate\\Support\\Facades\\Facade::__callStatic()
#8 /var/www/hdtickets/app/Console/Commands/OptimizePerformance.php(152): App\\Services\\PlatformCachingService->clearPlatformCache()
#9 /var/www/hdtickets/app/Console/Commands/OptimizePerformance.php(63): App\\Console\\Commands\\OptimizePerformance->optimizeCache()
#10 /var/www/hdtickets/vendor/laravel/framework/src/Illuminate/Container/BoundMethod.php(36): App\\Console\\Commands\\OptimizePerformance->handle()
#11 /var/www/hdtickets/vendor/laravel/framework/src/Illuminate/Container/Util.php(43): Illuminate\\Container\\BoundMethod::{closure:Illuminate\\Container\\BoundMethod::call():35}()
#12 /var/www/hdtickets/vendor/laravel/framework/src/Illuminate/Container/BoundMethod.php(95): Illuminate\\Container\\Util::unwrapIfClosure()
#13 /var/www/hdtickets/vendor/laravel/framework/src/Illuminate/Container/BoundMethod.php(35): Illuminate\\Container\\BoundMethod::callBoundMethod()
#14 /var/www/hdtickets/vendor/laravel/framework/src/Illuminate/Container/Container.php(696): Illuminate\\Container\\BoundMethod::call()
#15 /var/www/hdtickets/vendor/laravel/framework/src/Illuminate/Console/Command.php(213): Illuminate\\Container\\Container->call()
#16 /var/www/hdtickets/vendor/symfony/console/Command/Command.php(318): Illuminate\\Console\\Command->execute()
#17 /var/www/hdtickets/vendor/laravel/framework/src/Illuminate/Console/Command.php(182): Symfony\\Component\\Console\\Command\\Command->run()
#18 /var/www/hdtickets/vendor/symfony/console/Application.php(1092): Illuminate\\Console\\Command->run()
#19 /var/www/hdtickets/vendor/symfony/console/Application.php(341): Symfony\\Component\\Console\\Application->doRunCommand()
#20 /var/www/hdtickets/vendor/symfony/console/Application.php(192): Symfony\\Component\\Console\\Application->doRun()
#21 /var/www/hdtickets/vendor/laravel/framework/src/Illuminate/Foundation/Console/Kernel.php(198): Symfony\\Component\\Console\\Application->run()
#22 /var/www/hdtickets/artisan(12): Illuminate\\Foundation\\Console\\Kernel->handle()
#23 {main}
"} 
[2025-07-27 14:06:18] laravel.INFO: Platform cache cleared {"platform":"stubhub"} 
[2025-07-27 14:06:18] laravel.EMERGENCY: Unable to create configured logger. Using emergency logger. {"exception":"[object] (TypeError(code: 0): App\\Logging\\TicketApiFormatter::__invoke(): Argument #1 ($logger) must be of type Monolog\\Logger, Illuminate\\Log\\Logger given, called in /var/www/hdtickets/vendor/laravel/framework/src/Illuminate/Log/LogManager.php on line 181 at /var/www/hdtickets/app/Logging/TicketApiFormatter.php:13)
[stacktrace]
#0 /var/www/hdtickets/vendor/laravel/framework/src/Illuminate/Log/LogManager.php(181): App\\Logging\\TicketApiFormatter->__invoke()
#1 /var/www/hdtickets/vendor/laravel/framework/src/Illuminate/Log/LogManager.php(140): Illuminate\\Log\\LogManager->tap()
#2 /var/www/hdtickets/vendor/laravel/framework/src/Illuminate/Support/helpers.php(526): Illuminate\\Log\\LogManager->{closure:Illuminate\\Log\\LogManager::get():139}()
#3 /var/www/hdtickets/vendor/laravel/framework/src/Illuminate/Log/LogManager.php(139): with()
#4 /var/www/hdtickets/vendor/laravel/framework/src/Illuminate/Log/LogManager.php(126): Illuminate\\Log\\LogManager->get()
#5 /var/www/hdtickets/vendor/laravel/framework/src/Illuminate/Log/LogManager.php(115): Illuminate\\Log\\LogManager->driver()
#6 /var/www/hdtickets/vendor/laravel/framework/src/Illuminate/Support/Facades/Facade.php(361): Illuminate\\Log\\LogManager->channel()
#7 /var/www/hdtickets/app/Services/PlatformCachingService.php(293): Illuminate\\Support\\Facades\\Facade::__callStatic()
#8 /var/www/hdtickets/app/Console/Commands/OptimizePerformance.php(152): App\\Services\\PlatformCachingService->clearPlatformCache()
#9 /var/www/hdtickets/app/Console/Commands/OptimizePerformance.php(63): App\\Console\\Commands\\OptimizePerformance->optimizeCache()
#10 /var/www/hdtickets/vendor/laravel/framework/src/Illuminate/Container/BoundMethod.php(36): App\\Console\\Commands\\OptimizePerformance->handle()
#11 /var/www/hdtickets/vendor/laravel/framework/src/Illuminate/Container/Util.php(43): Illuminate\\Container\\BoundMethod::{closure:Illuminate\\Container\\BoundMethod::call():35}()
#12 /var/www/hdtickets/vendor/laravel/framework/src/Illuminate/Container/BoundMethod.php(95): Illuminate\\Container\\Util::unwrapIfClosure()
#13 /var/www/hdtickets/vendor/laravel/framework/src/Illuminate/Container/BoundMethod.php(35): Illuminate\\Container\\BoundMethod::callBoundMethod()
#14 /var/www/hdtickets/vendor/laravel/framework/src/Illuminate/Container/Container.php(696): Illuminate\\Container\\BoundMethod::call()
#15 /var/www/hdtickets/vendor/laravel/framework/src/Illuminate/Console/Command.php(213): Illuminate\\Container\\Container->call()
#16 /var/www/hdtickets/vendor/symfony/console/Command/Command.php(318): Illuminate\\Console\\Command->execute()
#17 /var/www/hdtickets/vendor/laravel/framework/src/Illuminate/Console/Command.php(182): Symfony\\Component\\Console\\Command\\Command->run()
#18 /var/www/hdtickets/vendor/symfony/console/Application.php(1092): Illuminate\\Console\\Command->run()
#19 /var/www/hdtickets/vendor/symfony/console/Application.php(341): Symfony\\Component\\Console\\Application->doRunCommand()
#20 /var/www/hdtickets/vendor/symfony/console/Application.php(192): Symfony\\Component\\Console\\Application->doRun()
#21 /var/www/hdtickets/vendor/laravel/framework/src/Illuminate/Foundation/Console/Kernel.php(198): Symfony\\Component\\Console\\Application->run()
#22 /var/www/hdtickets/artisan(12): Illuminate\\Foundation\\Console\\Kernel->handle()
#23 {main}
"} 
[2025-07-27 14:06:18] laravel.INFO: Platform cache cleared {"platform":"viagogo"} 
[2025-07-27 14:06:18] laravel.EMERGENCY: Unable to create configured logger. Using emergency logger. {"exception":"[object] (TypeError(code: 0): App\\Logging\\TicketApiFormatter::__invoke(): Argument #1 ($logger) must be of type Monolog\\Logger, Illuminate\\Log\\Logger given, called in /var/www/hdtickets/vendor/laravel/framework/src/Illuminate/Log/LogManager.php on line 181 at /var/www/hdtickets/app/Logging/TicketApiFormatter.php:13)
[stacktrace]
#0 /var/www/hdtickets/vendor/laravel/framework/src/Illuminate/Log/LogManager.php(181): App\\Logging\\TicketApiFormatter->__invoke()
#1 /var/www/hdtickets/vendor/laravel/framework/src/Illuminate/Log/LogManager.php(140): Illuminate\\Log\\LogManager->tap()
#2 /var/www/hdtickets/vendor/laravel/framework/src/Illuminate/Support/helpers.php(526): Illuminate\\Log\\LogManager->{closure:Illuminate\\Log\\LogManager::get():139}()
#3 /var/www/hdtickets/vendor/laravel/framework/src/Illuminate/Log/LogManager.php(139): with()
#4 /var/www/hdtickets/vendor/laravel/framework/src/Illuminate/Log/LogManager.php(126): Illuminate\\Log\\LogManager->get()
#5 /var/www/hdtickets/vendor/laravel/framework/src/Illuminate/Log/LogManager.php(115): Illuminate\\Log\\LogManager->driver()
#6 /var/www/hdtickets/vendor/laravel/framework/src/Illuminate/Support/Facades/Facade.php(361): Illuminate\\Log\\LogManager->channel()
#7 /var/www/hdtickets/app/Services/PlatformCachingService.php(293): Illuminate\\Support\\Facades\\Facade::__callStatic()
#8 /var/www/hdtickets/app/Console/Commands/OptimizePerformance.php(152): App\\Services\\PlatformCachingService->clearPlatformCache()
#9 /var/www/hdtickets/app/Console/Commands/OptimizePerformance.php(63): App\\Console\\Commands\\OptimizePerformance->optimizeCache()
#10 /var/www/hdtickets/vendor/laravel/framework/src/Illuminate/Container/BoundMethod.php(36): App\\Console\\Commands\\OptimizePerformance->handle()
#11 /var/www/hdtickets/vendor/laravel/framework/src/Illuminate/Container/Util.php(43): Illuminate\\Container\\BoundMethod::{closure:Illuminate\\Container\\BoundMethod::call():35}()
#12 /var/www/hdtickets/vendor/laravel/framework/src/Illuminate/Container/BoundMethod.php(95): Illuminate\\Container\\Util::unwrapIfClosure()
#13 /var/www/hdtickets/vendor/laravel/framework/src/Illuminate/Container/BoundMethod.php(35): Illuminate\\Container\\BoundMethod::callBoundMethod()
#14 /var/www/hdtickets/vendor/laravel/framework/src/Illuminate/Container/Container.php(696): Illuminate\\Container\\BoundMethod::call()
#15 /var/www/hdtickets/vendor/laravel/framework/src/Illuminate/Console/Command.php(213): Illuminate\\Container\\Container->call()
#16 /var/www/hdtickets/vendor/symfony/console/Command/Command.php(318): Illuminate\\Console\\Command->execute()
#17 /var/www/hdtickets/vendor/laravel/framework/src/Illuminate/Console/Command.php(182): Symfony\\Component\\Console\\Command\\Command->run()
#18 /var/www/hdtickets/vendor/symfony/console/Application.php(1092): Illuminate\\Console\\Command->run()
#19 /var/www/hdtickets/vendor/symfony/console/Application.php(341): Symfony\\Component\\Console\\Application->doRunCommand()
#20 /var/www/hdtickets/vendor/symfony/console/Application.php(192): Symfony\\Component\\Console\\Application->doRun()
#21 /var/www/hdtickets/vendor/laravel/framework/src/Illuminate/Foundation/Console/Kernel.php(198): Symfony\\Component\\Console\\Application->run()
#22 /var/www/hdtickets/artisan(12): Illuminate\\Foundation\\Console\\Kernel->handle()
#23 {main}
"} 
[2025-07-27 14:06:18] laravel.INFO: Platform cache cleared {"platform":"tickpick"} 
